TN:
SF:src\app.ts
FN:10,buildServer
FN:17,(anonymous_2)
FN:19,(anonymous_3)
FN:22,(anonymous_4)
FNF:4
FNH:4
FNDA:2,buildServer
FNDA:1,(anonymous_2)
FNDA:2,(anonymous_3)
FNDA:2,(anonymous_4)
DA:1,2
DA:2,2
DA:3,2
DA:4,2
DA:5,2
DA:6,2
DA:7,2
DA:8,2
DA:10,2
DA:11,2
DA:12,2
DA:14,2
DA:15,2
DA:17,2
DA:19,2
DA:20,2
DA:21,2
DA:22,2
DA:23,2
DA:27,2
LF:20
LH:20
BRDA:10,0,0,2
BRF:1
BRH:1
end_of_record
TN:
SF:src\domain\entity\Account.ts
FNF:0
FNH:0
DA:1,2
DA:4,2
DA:7,2
DA:10,2
DA:13,2
LF:5
LH:5
BRF:0
BRH:0
end_of_record
TN:
SF:src\domain\services\account.service.ts
FN:8,(anonymous_0)
FN:10,(anonymous_1)
FNF:2
FNH:2
FNDA:1,(anonymous_0)
FNDA:1,(anonymous_1)
DA:7,2
DA:8,1
DA:11,1
DA:12,1
LF:4
LH:4
BRF:0
BRH:0
end_of_record
TN:
SF:src\infrastructure\repository\account.repository.ts
FN:9,(anonymous_0)
FN:11,(anonymous_1)
FN:16,(anonymous_2)
FNF:3
FNH:3
FNDA:1,(anonymous_0)
FNDA:1,(anonymous_1)
FNDA:1,(anonymous_2)
DA:1,2
DA:8,2
DA:9,1
DA:11,1
DA:12,1
DA:13,0
DA:17,1
DA:18,1
DA:26,0
DA:28,1
LF:10
LH:8
BRF:0
BRH:0
end_of_record
TN:
SF:src\interface\http\account.controller.ts
FN:5,(anonymous_0)
FNF:1
FNH:1
FNDA:1,(anonymous_0)
DA:2,2
DA:4,2
DA:6,1
DA:8,1
DA:13,1
DA:14,1
DA:17,0
DA:21,0
LF:8
LH:6
BRDA:13,0,0,1
BRDA:13,0,1,0
BRF:2
BRH:1
end_of_record
TN:
SF:src\interface\http\account.route.ts
FN:7,accountAuthenticationRoute
FN:15,(anonymous_1)
FNF:2
FNH:2
FNDA:2,accountAuthenticationRoute
FNDA:1,(anonymous_1)
DA:2,2
DA:3,2
DA:5,2
DA:7,2
DA:8,2
DA:15,1
LF:6
LH:6
BRF:0
BRH:0
end_of_record
TN:
SF:src\shared\infra\config\app-data-source.config.ts
FN:13,(anonymous_0)
FN:15,(anonymous_1)
FN:19,(anonymous_2)
FNF:3
FNH:3
FNDA:1,(anonymous_0)
FNDA:1,(anonymous_1)
FNDA:1,(anonymous_2)
DA:1,2
DA:2,2
DA:9,2
DA:13,1
DA:16,1
DA:20,1
DA:21,1
DA:22,1
DA:25,0
LF:9
LH:8
BRDA:20,0,0,1
BRDA:20,0,1,0
BRDA:20,1,0,1
BRDA:20,1,1,0
BRF:4
BRH:2
end_of_record
TN:
SF:src\shared\infra\config\di\container.config.ts
FN:6,(anonymous_0)
FNF:1
FNH:1
FNDA:2,(anonymous_0)
DA:1,2
DA:2,2
DA:3,2
DA:4,2
DA:6,2
DA:7,2
DA:12,2
DA:18,2
LF:8
LH:8
BRF:0
BRH:0
end_of_record
TN:
SF:src\shared\infra\middlewares\authenticate.middleware.ts
FN:4,authenticateMiddleware
FNF:1
FNH:0
FNDA:0,authenticateMiddleware
DA:4,2
DA:5,0
DA:6,0
DA:7,0
DA:9,0
LF:5
LH:1
BRF:0
BRH:0
end_of_record
TN:
SF:src\shared\infra\middlewares\setup-environment.middleware.ts
FN:12,setupEnvironment
FN:29,(anonymous_1)
FN:34,(anonymous_2)
FNF:3
FNH:3
FNDA:1,setupEnvironment
FNDA:1,(anonymous_1)
FNDA:1,(anonymous_2)
DA:1,2
DA:4,2
DA:5,2
DA:12,2
DA:13,1
DA:28,1
DA:30,1
DA:34,1
DA:38,1
LF:9
LH:9
BRF:0
BRH:0
end_of_record
TN:
SF:src\shared\utils\constants.utils.ts
FN:1,(anonymous_0)
FNF:1
FNH:1
FNDA:2,(anonymous_0)
DA:1,2
DA:2,2
DA:3,2
LF:3
LH:3
BRDA:1,0,0,2
BRDA:1,0,1,2
BRF:2
BRH:2
end_of_record
